<?xml version="1.0" encoding="utf-8"?><testsuites name="pytest tests"><testsuite name="pytest" errors="0" failures="0" skipped="0" tests="97" time="21.823" timestamp="2026-09-11T14:11:50.588039+06:00" hostname="DESKTOP-7RV94F6"><testcase classname="tests.test_artifacts" name="test_checkpoint_roundtrip_no_overwrite" time="0.010" /><testcase classname="tests.test_artifacts" name="test_training_disabled_and_non_b0_gate" time="0.004" /><testcase classname="tests.test_artifacts" name="test_in_memory_scientific_mutation_blocked" time="0.006" /><testcase classname="tests.test_block_a" name="test_config_identity[efficientnet_b0-flat]" time="0.008" /><testcase classname="tests.test_block_a" name="test_config_identity[efficientnet_b0-shared_hard]" time="0.008" /><testcase classname="tests.test_block_a" name="test_config_identity[efficientnet_b0-shared_soft]" time="0.008" /><testcase classname="tests.test_block_a" name="test_config_identity[efficientnet_b0-dedicated_hard]" time="0.008" /><testcase classname="tests.test_block_a" name="test_config_identity[efficientnet_b0-dedicated_soft]" time="0.008" /><testcase classname="tests.test_block_a" name="test_config_identity[densenet121-flat]" time="0.008" /><testcase classname="tests.test_block_a" name="test_config_identity[densenet121-shared_hard]" time="0.008" /><testcase classname="tests.test_block_a" name="test_config_identity[densenet121-shared_soft]" time="0.008" /><testcase classname="tests.test_block_a" name="test_config_identity[densenet121-dedicated_hard]" time="0.008" /><testcase classname="tests.test_block_a" name="test_config_identity[densenet121-dedicated_soft]" time="0.008" /><testcase classname="tests.test_block_a" name="test_config_identity[densenet169-flat]" time="0.008" /><testcase classname="tests.test_block_a" name="test_config_identity[densenet169-shared_hard]" time="0.008" /><testcase classname="tests.test_block_a" name="test_config_identity[densenet169-shared_soft]" time="0.008" /><testcase classname="tests.test_block_a" name="test_config_identity[densenet169-dedicated_hard]" time="0.008" /><testcase classname="tests.test_block_a" name="test_config_identity[densenet169-dedicated_soft]" time="0.008" /><testcase classname="tests.test_block_a" name="test_config_identity[resnet50-flat]" time="0.008" /><testcase classname="tests.test_block_a" name="test_config_identity[resnet50-shared_hard]" time="0.008" /><testcase classname="tests.test_block_a" name="test_config_identity[resnet50-shared_soft]" time="0.008" /><testcase classname="tests.test_block_a" name="test_config_identity[resnet50-dedicated_hard]" time="0.008" /><testcase classname="tests.test_block_a" name="test_config_identity[resnet50-dedicated_soft]" time="0.009" /><testcase classname="tests.test_block_a" name="test_config_identity[mobilenet_v3_large-flat]" time="0.008" /><testcase classname="tests.test_block_a" name="test_config_identity[mobilenet_v3_large-shared_hard]" time="0.008" /><testcase classname="tests.test_block_a" name="test_config_identity[mobilenet_v3_large-shared_soft]" time="0.009" /><testcase classname="tests.test_block_a" name="test_config_identity[mobilenet_v3_large-dedicated_hard]" time="0.008" /><testcase classname="tests.test_block_a" name="test_config_identity[mobilenet_v3_large-dedicated_soft]" time="0.008" /><testcase classname="tests.test_block_a" name="test_config_identity[efficientnet_b2-flat]" time="0.008" /><testcase classname="tests.test_block_a" name="test_config_identity[efficientnet_b2-shared_hard]" time="0.008" /><testcase classname="tests.test_block_a" name="test_config_identity[efficientnet_b2-shared_soft]" time="0.008" /><testcase classname="tests.test_block_a" name="test_config_identity[efficientnet_b2-dedicated_hard]" time="0.008" /><testcase classname="tests.test_block_a" name="test_config_identity[efficientnet_b2-dedicated_soft]" time="0.008" /><testcase classname="tests.test_block_a" name="test_config_identity[efficientnet_b3-flat]" time="0.008" /><testcase classname="tests.test_block_a" name="test_config_identity[efficientnet_b3-shared_hard]" time="0.008" /><testcase classname="tests.test_block_a" name="test_config_identity[efficientnet_b3-shared_soft]" time="0.008" /><testcase classname="tests.test_block_a" name="test_config_identity[efficientnet_b3-dedicated_hard]" time="0.008" /><testcase classname="tests.test_block_a" name="test_config_identity[efficientnet_b3-dedicated_soft]" time="0.008" /><testcase classname="tests.test_block_a" name="test_new_models_and_parameter_independence[shared_soft]" time="0.005" /><testcase classname="tests.test_block_a" name="test_new_models_and_parameter_independence[dedicated_hard]" time="0.005" /><testcase classname="tests.test_block_a" name="test_new_models_and_parameter_independence[dedicated_soft]" time="0.004" /><testcase classname="tests.test_block_a" name="test_soft_endpoint[shared_soft]" time="0.001" /><testcase classname="tests.test_block_a" name="test_soft_endpoint[dedicated_soft]" time="0.001" /><testcase classname="tests.test_block_a" name="test_dedicated_hard" time="0.001" /><testcase classname="tests.test_block_a" name="test_empty_matrix_and_rebuild" time="0.121" /><testcase classname="tests.test_block_a" name="test_rebuild_idempotent_and_distinct_scientific_identity" time="0.484" /><testcase classname="tests.test_block_a" name="test_identical_identity_conflicting_metrics_rejected" time="0.126" /><testcase classname="tests.test_block_a" name="test_test_results_cannot_fill_validation" time="0.125" /><testcase classname="tests.test_block_a" name="test_completed_protection_and_config_drift" time="0.014" /><testcase classname="tests.test_block_a" name="test_registry_only_completion_is_never_retrained" time="0.099" /><testcase classname="tests.test_block_a" name="test_h1_mean_is_not_endpoint" time="0.008" /><testcase classname="tests.test_block_a" name="test_aggregation_means_deltas_and_near_tie[0.004-True]" time="0.006" /><testcase classname="tests.test_block_a" name="test_aggregation_means_deltas_and_near_tie[0.005-True]" time="0.005" /><testcase classname="tests.test_block_a" name="test_aggregation_means_deltas_and_near_tie[0.006-False]" time="0.005" /><testcase classname="tests.test_block_a" name="test_missing_is_not_zero_or_selectable" time="0.004" /><testcase classname="tests.test_block_a" name="test_training_and_runner_never_import_evaluation" time="0.006" /><testcase classname="tests.test_block_a" name="test_new_training_cannot_guess_undefined_selection" time="0.006" /><testcase classname="tests.test_final_reporting" name="test_complete_35_report_and_export" time="10.807" /><testcase classname="tests.test_final_reporting" name="test_missing_test_does_not_use_validation_or_oracle" time="0.009" /><testcase classname="tests.test_final_reporting" name="test_ambiguous_needs_explicit_identity" time="0.017" /><testcase classname="tests.test_final_reporting" name="test_missing_provenance_and_cohort_mismatch" time="0.010" /><testcase classname="tests.test_final_reporting" name="test_empty_report_draws_without_data" time="1.196" /><testcase classname="tests.test_final_reporting" name="test_final_evaluation_default_and_completion_gate" time="0.096" /><testcase classname="tests.test_final_reporting" name="test_final_evaluation_skips_saved" time="0.002" /><testcase classname="tests.test_protocol" name="test_configs_and_all_model_outputs[efficientnet_b0-flat]" time="0.069" /><testcase classname="tests.test_protocol" name="test_configs_and_all_model_outputs[efficientnet_b0-shared_hard]" time="0.059" /><testcase classname="tests.test_protocol" name="test_configs_and_all_model_outputs[densenet121-flat]" time="0.120" /><testcase classname="tests.test_protocol" name="test_configs_and_all_model_outputs[densenet121-shared_hard]" time="0.104" /><testcase classname="tests.test_protocol" name="test_configs_and_all_model_outputs[densenet169-flat]" time="0.175" /><testcase classname="tests.test_protocol" name="test_configs_and_all_model_outputs[densenet169-shared_hard]" time="0.153" /><testcase classname="tests.test_protocol" name="test_configs_and_all_model_outputs[resnet50-flat]" time="0.208" /><testcase classname="tests.test_protocol" name="test_configs_and_all_model_outputs[resnet50-shared_hard]" time="0.197" /><testcase classname="tests.test_protocol" name="test_configs_and_all_model_outputs[mobilenet_v3_large-flat]" time="0.059" /><testcase classname="tests.test_protocol" name="test_configs_and_all_model_outputs[mobilenet_v3_large-shared_hard]" time="0.053" /><testcase classname="tests.test_protocol" name="test_configs_and_all_model_outputs[efficientnet_b2-flat]" time="0.099" /><testcase classname="tests.test_protocol" name="test_configs_and_all_model_outputs[efficientnet_b2-shared_hard]" time="0.089" /><testcase classname="tests.test_protocol" name="test_configs_and_all_model_outputs[efficientnet_b3-flat]" time="0.121" /><testcase classname="tests.test_protocol" name="test_configs_and_all_model_outputs[efficientnet_b3-shared_hard]" time="0.112" /><testcase classname="tests.test_protocol" name="test_manifest_integrity_order_disjointness" time="0.301" /><testcase classname="tests.test_protocol" name="test_manifest_tamper_rejected" time="0.015" /><testcase classname="tests.test_protocol" name="test_eval_transform_deterministic" time="0.009" /><testcase classname="tests.test_protocol" name="test_routing_and_oracle" time="0.001" /><testcase classname="tests.test_protocol" name="test_targets_masking_and_absent_task" time="0.004" /><testcase classname="tests.test_protocol" name="test_invalid_models" time="0.000" /><testcase classname="tests.test_protocol" name="test_training_api_cannot_construct_test" time="0.004" /><testcase classname="tests.test_protocol" name="test_actual_b0_backward_smoke[flat]" time="0.136" /><testcase classname="tests.test_protocol" name="test_actual_b0_backward_smoke[shared_hard]" time="0.097" /><testcase classname="tests.test_statistics" name="test_metrics_against_independent_sklearn" time="0.007" /><testcase classname="tests.test_statistics" name="test_bootstrap_exact_paired_known_case" time="0.008" /><testcase classname="tests.test_statistics" name="test_pairing_failures" time="0.002" /><testcase classname="tests.test_workflow" name="test_interruption_resume_matches_uninterrupted[flat]" time="0.604" /><testcase classname="tests.test_workflow" name="test_interruption_resume_matches_uninterrupted[shared_hard]" time="0.651" /><testcase classname="tests.test_workflow" name="test_training_to_frozen_evaluation_and_statistics" time="0.797" /><testcase classname="tests.test_workflow" name="test_resume_rejects_scientific_drift" time="0.200" /><testcase classname="tests.test_workflow" name="test_new_system_synthetic_lifecycle[shared_soft]" time="0.726" /><testcase classname="tests.test_workflow" name="test_new_system_synthetic_lifecycle[dedicated_hard]" time="0.760" /><testcase classname="tests.test_workflow" name="test_new_system_synthetic_lifecycle[dedicated_soft]" time="0.746" /></testsuite></testsuites>