<?xml version="1.0" encoding="utf-8"?><testsuites name="pytest tests"><testsuite name="pytest" errors="0" failures="0" skipped="0" tests="33" time="4.557" timestamp="2026-09-08T18:38:43.857010+06:00" hostname="DESKTOP-7RV94F6"><testcase classname="tests.test_artifacts" name="test_checkpoint_roundtrip_no_overwrite" time="0.009" /><testcase classname="tests.test_artifacts" name="test_training_disabled_and_non_b0_gate" time="0.004" /><testcase classname="tests.test_artifacts" name="test_in_memory_scientific_mutation_blocked" time="0.006" /><testcase classname="tests.test_protocol" name="test_configs_and_all_model_outputs[efficientnet_b0-flat]" time="0.071" /><testcase classname="tests.test_protocol" name="test_configs_and_all_model_outputs[efficientnet_b0-shared_hard]" time="0.056" /><testcase classname="tests.test_protocol" name="test_configs_and_all_model_outputs[densenet121-flat]" time="0.119" /><testcase classname="tests.test_protocol" name="test_configs_and_all_model_outputs[densenet121-shared_hard]" time="0.101" /><testcase classname="tests.test_protocol" name="test_configs_and_all_model_outputs[densenet169-flat]" time="0.163" /><testcase classname="tests.test_protocol" name="test_configs_and_all_model_outputs[densenet169-shared_hard]" time="0.237" /><testcase classname="tests.test_protocol" name="test_configs_and_all_model_outputs[resnet50-flat]" time="0.212" /><testcase classname="tests.test_protocol" name="test_configs_and_all_model_outputs[resnet50-shared_hard]" time="0.195" /><testcase classname="tests.test_protocol" name="test_configs_and_all_model_outputs[mobilenet_v3_large-flat]" time="0.057" /><testcase classname="tests.test_protocol" name="test_configs_and_all_model_outputs[mobilenet_v3_large-shared_hard]" time="0.052" /><testcase classname="tests.test_protocol" name="test_configs_and_all_model_outputs[efficientnet_b2-flat]" time="0.093" /><testcase classname="tests.test_protocol" name="test_configs_and_all_model_outputs[efficientnet_b2-shared_hard]" time="0.087" /><testcase classname="tests.test_protocol" name="test_configs_and_all_model_outputs[efficientnet_b3-flat]" time="0.133" /><testcase classname="tests.test_protocol" name="test_configs_and_all_model_outputs[efficientnet_b3-shared_hard]" time="0.114" /><testcase classname="tests.test_protocol" name="test_manifest_integrity_order_disjointness" time="0.299" /><testcase classname="tests.test_protocol" name="test_manifest_tamper_rejected" time="0.015" /><testcase classname="tests.test_protocol" name="test_eval_transform_deterministic" time="0.010" /><testcase classname="tests.test_protocol" name="test_routing_and_oracle" time="0.001" /><testcase classname="tests.test_protocol" name="test_targets_masking_and_absent_task" time="0.004" /><testcase classname="tests.test_protocol" name="test_invalid_models" time="0.000" /><testcase classname="tests.test_protocol" name="test_training_api_cannot_construct_test" time="0.004" /><testcase classname="tests.test_protocol" name="test_actual_b0_backward_smoke[flat]" time="0.138" /><testcase classname="tests.test_protocol" name="test_actual_b0_backward_smoke[shared_hard]" time="0.099" /><testcase classname="tests.test_statistics" name="test_metrics_against_independent_sklearn" time="0.007" /><testcase classname="tests.test_statistics" name="test_bootstrap_exact_paired_known_case" time="0.008" /><testcase classname="tests.test_statistics" name="test_pairing_failures" time="0.002" /><testcase classname="tests.test_workflow" name="test_interruption_resume_matches_uninterrupted[flat]" time="0.225" /><testcase classname="tests.test_workflow" name="test_interruption_resume_matches_uninterrupted[shared_hard]" time="0.233" /><testcase classname="tests.test_workflow" name="test_training_to_frozen_evaluation_and_statistics" time="0.271" /><testcase classname="tests.test_workflow" name="test_resume_rejects_scientific_drift" time="0.085" /></testsuite></testsuites>